# JRE version: Java(TM) SE Runtime Environment (8.0_161-b12) (build 1.8.0_161-b12)
# Java VM: Java HotSpot(TM) 64-Bit Server VM (25.161-b12 mixed mode linux-amd64 compressed oops)
Heap:
 PSYoungGen      total 511488K, used 10063K [0x000000076db00000, 0x000000078f900000, 0x00000007c0000000)
  eden space 502784K, 0% used [0x000000076db00000,0x000000076ddb13a8,0x000000078c600000)
  from space 8704K, 83% used [0x000000078f080000,0x000000078f7a2938,0x000000078f900000)
  to   space 26112K, 0% used [0x000000078c600000,0x000000078c600000,0x000000078df80000)
 ParOldGen       total 178688K, used 40405K [0x00000006c9000000, 0x00000006d3e80000, 0x000000076db00000)
  object space 178688K, 22% used [0x00000006c9000000,0x00000006cb775438,0x00000006d3e80000)
 Metaspace       used 40733K, capacity 58232K, committed 58368K, reserved 1091584K
  class space    used 10364K, capacity 16024K, committed 16128K, reserved 1048576K
GC Heap History (10 events):
Event: 4.253 GC heap before
{Heap before GC invocations=10 (full 1):
 PSYoungGen      total 322560K, used 322550K [0x000000076db00000, 0x0000000788c00000, 0x00000007c0000000)
  eden space 301568K, 100% used [0x000000076db00000,0x0000000780180000,0x0000000780180000)
  from space 20992K, 99% used [0x0000000781980000,0x0000000782dfdaf8,0x0000000782e00000)
  to   space 24576K, 0% used [0x0000000780180000,0x0000000780180000,0x0000000781980000)
 ParOldGen       total 112128K, used 22829K [0x00000006c9000000, 0x00000006cfd80000, 0x000000076db00000)
  object space 112128K, 20% used [0x00000006c9000000,0x00000006ca64b438,0x00000006cfd80000)
 Metaspace       used 29949K, capacity 35190K, committed 35328K, reserved 1075200K
  class space    used 7034K, capacity 8877K, committed 8960K, reserved 1048576K
Event: 4.278 GC heap after
Heap after GC invocations=10 (full 1):
 PSYoungGen      total 326144K, used 21170K [0x000000076db00000, 0x0000000789d80000, 0x00000007c0000000)
  eden space 301568K, 0% used [0x000000076db00000,0x000000076db00000,0x0000000780180000)
  from space 24576K, 86% used [0x0000000780180000,0x000000078162c8b0,0x0000000781980000)
  to   space 26624K, 0% used [0x0000000788380000,0x0000000788380000,0x0000000789d80000)
 ParOldGen       total 112128K, used 31684K [0x00000006c9000000, 0x00000006cfd80000, 0x000000076db00000)
  object space 112128K, 28% used [0x00000006c9000000,0x00000006caef1058,0x00000006cfd80000)
 Metaspace       used 29949K, capacity 35190K, committed 35328K, reserved 1075200K
  class space    used 7034K, capacity 8877K, committed 8960K, reserved 1048576K
}
Event: 10.279 GC heap before
{Heap before GC invocations=11 (full 1):
 PSYoungGen      total 326144K, used 223329K [0x000000076db00000, 0x0000000789d80000, 0x00000007c0000000)
  eden space 301568K, 67% used [0x000000076db00000,0x000000077a06bdb0,0x0000000780180000)
  from space 24576K, 86% used [0x0000000780180000,0x000000078162c8b0,0x0000000781980000)
  to   space 26624K, 0% used [0x0000000788380000,0x0000000788380000,0x0000000789d80000)
 ParOldGen       total 112128K, used 31684K [0x00000006c9000000, 0x00000006cfd80000, 0x000000076db00000)
  object space 112128K, 28% used [0x00000006c9000000,0x00000006caef1058,0x00000006cfd80000)
 Metaspace       used 30165K, capacity 35492K, committed 35496K, reserved 1075200K
  class space    used 7097K, capacity 8959K, committed 8960K, reserved 1048576K
Event: 10.293 GC heap after
Heap after GC invocations=11 (full 1):
 PSYoungGen      total 410112K, used 11354K [0x000000076db00000, 0x0000000789100000, 0x00000007c0000000)
  eden space 396288K, 0% used [0x000000076db00000,0x000000076db00000,0x0000000785e00000)
  from space 13824K, 82% used [0x0000000788380000,0x0000000788e969f8,0x0000000789100000)
  to   space 26112K, 0% used [0x0000000785e00000,0x0000000785e00000,0x0000000787780000)
 ParOldGen       total 112128K, used 36547K [0x00000006c9000000, 0x00000006cfd80000, 0x000000076db00000)
  object space 112128K, 32% used [0x00000006c9000000,0x00000006cb3b0db8,0x00000006cfd80000)
 Metaspace       used 30165K, capacity 35492K, committed 35496K, reserved 1075200K
  class space    used 7097K, capacity 8959K, committed 8960K, reserved 1048576K
}
Event: 10.293 GC heap before
{Heap before GC invocations=12 (full 2):
 PSYoungGen      total 410112K, used 11354K [0x000000076db00000, 0x0000000789100000, 0x00000007c0000000)
  eden space 396288K, 0% used [0x000000076db00000,0x000000076db00000,0x0000000785e00000)
  from space 13824K, 82% used [0x0000000788380000,0x0000000788e969f8,0x0000000789100000)
  to   space 26112K, 0% used [0x0000000785e00000,0x0000000785e00000,0x0000000787780000)
 ParOldGen       total 112128K, used 36547K [0x00000006c9000000, 0x00000006cfd80000, 0x000000076db00000)
  object space 112128K, 32% used [0x00000006c9000000,0x00000006cb3b0db8,0x00000006cfd80000)
 Metaspace       used 30165K, capacity 35492K, committed 35496K, reserved 1075200K
  class space    used 7097K, capacity 8959K, committed 8960K, reserved 1048576K
Event: 10.420 GC heap after
Heap after GC invocations=12 (full 2):
 PSYoungGen      total 410112K, used 0K [0x000000076db00000, 0x0000000789100000, 0x00000007c0000000)
  eden space 396288K, 0% used [0x000000076db00000,0x000000076db00000,0x0000000785e00000)
  from space 13824K, 0% used [0x0000000788380000,0x0000000788380000,0x0000000789100000)
  to   space 26112K, 0% used [0x0000000785e00000,0x0000000785e00000,0x0000000787780000)
 ParOldGen       total 178688K, used 40389K [0x00000006c9000000, 0x00000006d3e80000, 0x000000076db00000)
  object space 178688K, 22% used [0x00000006c9000000,0x00000006cb771438,0x00000006d3e80000)
 Metaspace       used 30165K, capacity 35492K, committed 35496K, reserved 1075200K
  class space    used 7097K, capacity 8959K, committed 8960K, reserved 1048576K
}
Event: 11.586 GC heap before
{Heap before GC invocations=13 (full 2):
 PSYoungGen      total 410112K, used 396288K [0x000000076db00000, 0x0000000789100000, 0x00000007c0000000)
  eden space 396288K, 100% used [0x000000076db00000,0x0000000785e00000,0x0000000785e00000)
  from space 13824K, 0% used [0x0000000788380000,0x0000000788380000,0x0000000789100000)
  to   space 26112K, 0% used [0x0000000785e00000,0x0000000785e00000,0x0000000787780000)
 ParOldGen       total 178688K, used 40389K [0x00000006c9000000, 0x00000006d3e80000, 0x000000076db00000)
  object space 178688K, 22% used [0x00000006c9000000,0x00000006cb771438,0x00000006d3e80000)
 Metaspace       used 36370K, capacity 50142K, committed 50432K, reserved 1085440K
  class space    used 9238K, capacity 13956K, committed 14080K, reserved 1048576K
Event: 11.592 GC heap after
Heap after GC invocations=13 (full 2):
 PSYoungGen      total 422400K, used 2112K [0x000000076db00000, 0x0000000790a80000, 0x00000007c0000000)
  eden space 396288K, 0% used [0x000000076db00000,0x000000076db00000,0x0000000785e00000)
  from space 26112K, 8% used [0x0000000785e00000,0x0000000786010010,0x0000000787780000)
  to   space 26624K, 0% used [0x000000078f080000,0x000000078f080000,0x0000000790a80000)
 ParOldGen       total 178688K, used 40397K [0x00000006c9000000, 0x00000006d3e80000, 0x000000076db00000)
  object space 178688K, 22% used [0x00000006c9000000,0x00000006cb773438,0x00000006d3e80000)
 Metaspace       used 36370K, capacity 50142K, committed 50432K, reserved 1085440K
  class space    used 9238K, capacity 13956K, committed 14080K, reserved 1048576K
}
Event: 386.806 GC heap before
{Heap before GC invocations=14 (full 2):
 PSYoungGen      total 422400K, used 398400K [0x000000076db00000, 0x0000000790a80000, 0x00000007c0000000)
  eden space 396288K, 100% used [0x000000076db00000,0x0000000785e00000,0x0000000785e00000)
  from space 26112K, 8% used [0x0000000785e00000,0x0000000786010010,0x0000000787780000)
  to   space 26624K, 0% used [0x000000078f080000,0x000000078f080000,0x0000000790a80000)
 ParOldGen       total 178688K, used 40397K [0x00000006c9000000, 0x00000006d3e80000, 0x000000076db00000)
  object space 178688K, 22% used [0x00000006c9000000,0x00000006cb773438,0x00000006d3e80000)
 Metaspace       used 40707K, capacity 58204K, committed 58368K, reserved 1091584K
  class space    used 10354K, capacity 16012K, committed 16128K, reserved 1048576K
Event: 386.813 GC heap after
Heap after GC invocations=14 (full 2):
 PSYoungGen      total 511488K, used 7306K [0x000000076db00000, 0x000000078f900000, 0x00000007c0000000)
  eden space 502784K, 0% used [0x000000076db00000,0x000000076db00000,0x000000078c600000)
  from space 8704K, 83% used [0x000000078f080000,0x000000078f7a2938,0x000000078f900000)
  to   space 26112K, 0% used [0x000000078c600000,0x000000078c600000,0x000000078df80000)
 ParOldGen       total 178688K, used 40405K [0x00000006c9000000, 0x00000006d3e80000, 0x000000076db00000)
  object space 178688K, 22% used [0x00000006c9000000,0x00000006cb775438,0x00000006d3e80000)
 Metaspace       used 40707K, capacity 58204K, committed 58368K, reserved 1091584K
  class space    used 10354K, capacity 16012K, committed 16128K, reserved 1048576K
}

