# JRE version: Java(TM) SE Runtime Environment (8.0_171-b11) (build 1.8.0_171-b11)
# Java VM: Java HotSpot(TM) 64-Bit Server VM (25.171-b11 mixed mode linux-amd64 compressed oops)
Heap:
 PSYoungGen      total 727040K, used 135168K [0x000000076db00000, 0x00000007c0000000, 0x00000007c0000000)
  eden space 591872K, 0% used [0x000000076db00000,0x000000076db00000,0x0000000791d00000)
  from space 135168K, 100% used [0x00000007b1d00000,0x00000007ba100000,0x00000007ba100000)
  to   space 378368K, 0% used [0x0000000791d00000,0x0000000791d00000,0x00000007a8e80000)
 ParOldGen       total 904192K, used 904086K [0x00000006c9000000, 0x0000000700300000, 0x000000076db00000)
  object space 904192K, 99% used [0x00000006c9000000,0x00000007002e5818,0x0000000700300000)
 Metaspace       used 44735K, capacity 69734K, committed 70016K, reserved 1099776K
  class space    used 11478K, capacity 19033K, committed 19072K, reserved 1048576K
GC Heap History (10 events):
Event: 275.317 GC heap after
Heap after GC invocations=12 (full 2):
 PSYoungGen      total 702976K, used 10760K [0x000000076db00000, 0x000000079bf00000, 0x00000007c0000000)
  eden space 691712K, 0% used [0x000000076db00000,0x000000076db00000,0x0000000797e80000)
  from space 11264K, 95% used [0x000000079b400000,0x000000079be82190,0x000000079bf00000)
  to   space 30720K, 0% used [0x0000000798300000,0x0000000798300000,0x000000079a100000)
 ParOldGen       total 188416K, used 37951K [0x00000006c9000000, 0x00000006d4800000, 0x000000076db00000)
  object space 188416K, 20% used [0x00000006c9000000,0x00000006cb50fe20,0x00000006d4800000)
 Metaspace       used 41146K, capacity 59134K, committed 59160K, reserved 1091584K
  class space    used 10472K, capacity 16242K, committed 16256K, reserved 1048576K
}
Event: 275.317 GC heap before
{Heap before GC invocations=13 (full 3):
 PSYoungGen      total 702976K, used 10760K [0x000000076db00000, 0x000000079bf00000, 0x00000007c0000000)
  eden space 691712K, 0% used [0x000000076db00000,0x000000076db00000,0x0000000797e80000)
  from space 11264K, 95% used [0x000000079b400000,0x000000079be82190,0x000000079bf00000)
  to   space 30720K, 0% used [0x0000000798300000,0x0000000798300000,0x000000079a100000)
 ParOldGen       total 188416K, used 37951K [0x00000006c9000000, 0x00000006d4800000, 0x000000076db00000)
  object space 188416K, 20% used [0x00000006c9000000,0x00000006cb50fe20,0x00000006d4800000)
 Metaspace       used 41146K, capacity 59134K, committed 59160K, reserved 1091584K
  class space    used 10472K, capacity 16242K, committed 16256K, reserved 1048576K
Event: 275.524 GC heap after
Heap after GC invocations=13 (full 3):
 PSYoungGen      total 702976K, used 0K [0x000000076db00000, 0x000000079bf00000, 0x00000007c0000000)
  eden space 691712K, 0% used [0x000000076db00000,0x000000076db00000,0x0000000797e80000)
  from space 11264K, 0% used [0x000000079b400000,0x000000079b400000,0x000000079bf00000)
  to   space 30720K, 0% used [0x0000000798300000,0x0000000798300000,0x000000079a100000)
 ParOldGen       total 232960K, used 42420K [0x00000006c9000000, 0x00000006d7380000, 0x000000076db00000)
  object space 232960K, 18% used [0x00000006c9000000,0x00000006cb96d3b0,0x00000006d7380000)
 Metaspace       used 41132K, capacity 59110K, committed 59160K, reserved 1091584K
  class space    used 10467K, capacity 16234K, committed 16256K, reserved 1048576K
}
Event: 282.219 GC heap before
{Heap before GC invocations=14 (full 3):
 PSYoungGen      total 702976K, used 691712K [0x000000076db00000, 0x000000079bf00000, 0x00000007c0000000)
  eden space 691712K, 100% used [0x000000076db00000,0x0000000797e80000,0x0000000797e80000)
  from space 11264K, 0% used [0x000000079b400000,0x000000079b400000,0x000000079bf00000)
  to   space 30720K, 0% used [0x0000000798300000,0x0000000798300000,0x000000079a100000)
 ParOldGen       total 232960K, used 42420K [0x00000006c9000000, 0x00000006d7380000, 0x000000076db00000)
  object space 232960K, 18% used [0x00000006c9000000,0x00000006cb96d3b0,0x00000006d7380000)
 Metaspace       used 44735K, capacity 69734K, committed 70016K, reserved 1099776K
  class space    used 11478K, capacity 19033K, committed 19072K, reserved 1048576K
Event: 283.104 GC heap after
Heap after GC invocations=14 (full 3):
 PSYoungGen      total 727040K, used 30704K [0x000000076db00000, 0x00000007ba100000, 0x00000007c0000000)
  eden space 696320K, 0% used [0x000000076db00000,0x000000076db00000,0x0000000798300000)
  from space 30720K, 99% used [0x0000000798300000,0x000000079a0fc010,0x000000079a100000)
  to   space 135168K, 0% used [0x00000007b1d00000,0x00000007b1d00000,0x00000007ba100000)
 ParOldGen       total 314368K, used 313908K [0x00000006c9000000, 0x00000006dc300000, 0x000000076db00000)
  object space 314368K, 99% used [0x00000006c9000000,0x00000006dc28d3b0,0x00000006dc300000)
 Metaspace       used 44735K, capacity 69734K, committed 70016K, reserved 1099776K
  class space    used 11478K, capacity 19033K, committed 19072K, reserved 1048576K
}
Event: 283.104 GC heap before
{Heap before GC invocations=15 (full 4):
 PSYoungGen      total 727040K, used 30704K [0x000000076db00000, 0x00000007ba100000, 0x00000007c0000000)
  eden space 696320K, 0% used [0x000000076db00000,0x000000076db00000,0x0000000798300000)
  from space 30720K, 99% used [0x0000000798300000,0x000000079a0fc010,0x000000079a100000)
  to   space 135168K, 0% used [0x00000007b1d00000,0x00000007b1d00000,0x00000007ba100000)
 ParOldGen       total 314368K, used 313908K [0x00000006c9000000, 0x00000006dc300000, 0x000000076db00000)
  object space 314368K, 99% used [0x00000006c9000000,0x00000006dc28d3b0,0x00000006dc300000)
 Metaspace       used 44735K, capacity 69734K, committed 70016K, reserved 1099776K
  class space    used 11478K, capacity 19033K, committed 19072K, reserved 1048576K
Event: 285.056 GC heap after
Heap after GC invocations=15 (full 4):
 PSYoungGen      total 727040K, used 26585K [0x000000076db00000, 0x00000007ba100000, 0x00000007c0000000)
  eden space 696320K, 0% used [0x000000076db00000,0x000000076db00000,0x0000000798300000)
  from space 30720K, 86% used [0x0000000798300000,0x0000000799cf6498,0x000000079a100000)
  to   space 135168K, 0% used [0x00000007b1d00000,0x00000007b1d00000,0x00000007ba100000)
 ParOldGen       total 669184K, used 314150K [0x00000006c9000000, 0x00000006f1d80000, 0x000000076db00000)
  object space 669184K, 46% used [0x00000006c9000000,0x00000006dc2c9818,0x00000006f1d80000)
 Metaspace       used 44735K, capacity 69734K, committed 70016K, reserved 1099776K
  class space    used 11478K, capacity 19033K, committed 19072K, reserved 1048576K
}
Event: 286.700 GC heap before
{Heap before GC invocations=16 (full 4):
 PSYoungGen      total 727040K, used 722905K [0x000000076db00000, 0x00000007ba100000, 0x00000007c0000000)
  eden space 696320K, 100% used [0x000000076db00000,0x0000000798300000,0x0000000798300000)
  from space 30720K, 86% used [0x0000000798300000,0x0000000799cf6498,0x000000079a100000)
  to   space 135168K, 0% used [0x00000007b1d00000,0x00000007b1d00000,0x00000007ba100000)
 ParOldGen       total 669184K, used 314150K [0x00000006c9000000, 0x00000006f1d80000, 0x000000076db00000)
  object space 669184K, 46% used [0x00000006c9000000,0x00000006dc2c9818,0x00000006f1d80000)
 Metaspace       used 44735K, capacity 69734K, committed 70016K, reserved 1099776K
  class space    used 11478K, capacity 19033K, committed 19072K, reserved 1048576K
Event: 289.114 GC heap after
Heap after GC invocations=16 (full 4):
 PSYoungGen      total 727040K, used 135168K [0x000000076db00000, 0x00000007c0000000, 0x00000007c0000000)
  eden space 591872K, 0% used [0x000000076db00000,0x000000076db00000,0x0000000791d00000)
  from space 135168K, 100% used [0x00000007b1d00000,0x00000007ba100000,0x00000007ba100000)
  to   space 378368K, 0% used [0x0000000791d00000,0x0000000791d00000,0x00000007a8e80000)
 ParOldGen       total 904192K, used 904086K [0x00000006c9000000, 0x0000000700300000, 0x000000076db00000)
  object space 904192K, 99% used [0x00000006c9000000,0x00000007002e5818,0x0000000700300000)
 Metaspace       used 44735K, capacity 69734K, committed 70016K, reserved 1099776K
  class space    used 11478K, capacity 19033K, committed 19072K, reserved 1048576K
}
Event: 289.114 GC heap before
{Heap before GC invocations=17 (full 5):
 PSYoungGen      total 727040K, used 135168K [0x000000076db00000, 0x00000007c0000000, 0x00000007c0000000)
  eden space 591872K, 0% used [0x000000076db00000,0x000000076db00000,0x0000000791d00000)
  from space 135168K, 100% used [0x00000007b1d00000,0x00000007ba100000,0x00000007ba100000)
  to   space 378368K, 0% used [0x0000000791d00000,0x0000000791d00000,0x00000007a8e80000)
 ParOldGen       total 904192K, used 904086K [0x00000006c9000000, 0x0000000700300000, 0x000000076db00000)
  object space 904192K, 99% used [0x00000006c9000000,0x00000007002e5818,0x0000000700300000)
 Metaspace       used 44735K, capacity 69734K, committed 70016K, reserved 1099776K
  class space    used 11478K, capacity 19033K, committed 19072K, reserved 1048576K

