# JRE version: Java(TM) SE Runtime Environment (8.0_171-b11) (build 1.8.0_171-b11)
# Java VM: Java HotSpot(TM) 64-Bit Server VM (25.171-b11 mixed mode linux-amd64 compressed oops)
Heap:
 PSYoungGen      total 799744K, used 350208K [0x000000076db00000, 0x00000007c0000000, 0x00000007c0000000)
  eden space 449536K, 0% used [0x000000076db00000,0x000000076db00000,0x0000000789200000)
  from space 350208K, 100% used [0x00000007aaa00000,0x00000007c0000000,0x00000007c0000000)
  to   space 449536K, 0% used [0x0000000789200000,0x0000000789200000,0x00000007a4900000)
 ParOldGen       total 1345536K, used 1187309K [0x00000006c9000000, 0x000000071b200000, 0x000000076db00000)
  object space 1345536K, 88% used [0x00000006c9000000,0x000000071177b410,0x000000071b200000)
 Metaspace       used 38129K, capacity 53302K, committed 53376K, reserved 1089536K
  class space    used 9433K, capacity 14143K, committed 14208K, reserved 1048576K
GC Heap History (10 events):
Event: 16.931 GC heap after
Heap after GC invocations=12 (full 2):
 PSYoungGen      total 596480K, used 30187K [0x000000076db00000, 0x00000007aec80000, 0x00000007c0000000)
  eden space 566272K, 0% used [0x000000076db00000,0x000000076db00000,0x0000000790400000)
  from space 30208K, 99% used [0x000000079a180000,0x000000079befad70,0x000000079bf00000)
  to   space 161280K, 0% used [0x0000000790400000,0x0000000790400000,0x000000079a180000)
 ParOldGen       total 379904K, used 379820K [0x00000006c9000000, 0x00000006e0300000, 0x000000076db00000)
  object space 379904K, 99% used [0x00000006c9000000,0x00000006e02eb2f0,0x00000006e0300000)
 Metaspace       used 38136K, capacity 53314K, committed 53376K, reserved 1089536K
  class space    used 9436K, capacity 14147K, committed 14208K, reserved 1048576K
}
Event: 16.931 GC heap before
{Heap before GC invocations=13 (full 3):
 PSYoungGen      total 596480K, used 30187K [0x000000076db00000, 0x00000007aec80000, 0x00000007c0000000)
  eden space 566272K, 0% used [0x000000076db00000,0x000000076db00000,0x0000000790400000)
  from space 30208K, 99% used [0x000000079a180000,0x000000079befad70,0x000000079bf00000)
  to   space 161280K, 0% used [0x0000000790400000,0x0000000790400000,0x000000079a180000)
 ParOldGen       total 379904K, used 379820K [0x00000006c9000000, 0x00000006e0300000, 0x000000076db00000)
  object space 379904K, 99% used [0x00000006c9000000,0x00000006e02eb2f0,0x00000006e0300000)
 Metaspace       used 38136K, capacity 53314K, committed 53376K, reserved 1089536K
  class space    used 9436K, capacity 14147K, committed 14208K, reserved 1048576K
Event: 19.113 GC heap after
Heap after GC invocations=13 (full 3):
 PSYoungGen      total 596480K, used 24001K [0x000000076db00000, 0x00000007aec80000, 0x00000007c0000000)
  eden space 566272K, 0% used [0x000000076db00000,0x000000076db00000,0x0000000790400000)
  from space 30208K, 79% used [0x000000079a180000,0x000000079b8f0620,0x000000079bf00000)
  to   space 161280K, 0% used [0x0000000790400000,0x0000000790400000,0x000000079a180000)
 ParOldGen       total 706048K, used 379429K [0x00000006c9000000, 0x00000006f4180000, 0x000000076db00000)
  object space 706048K, 53% used [0x00000006c9000000,0x00000006e02894c8,0x00000006f4180000)
 Metaspace       used 38129K, capacity 53302K, committed 53376K, reserved 1089536K
  class space    used 9433K, capacity 14143K, committed 14208K, reserved 1048576K
}
Event: 20.211 GC heap before
{Heap before GC invocations=14 (full 3):
 PSYoungGen      total 596480K, used 590273K [0x000000076db00000, 0x00000007aec80000, 0x00000007c0000000)
  eden space 566272K, 100% used [0x000000076db00000,0x0000000790400000,0x0000000790400000)
  from space 30208K, 79% used [0x000000079a180000,0x000000079b8f0620,0x000000079bf00000)
  to   space 161280K, 0% used [0x0000000790400000,0x0000000790400000,0x000000079a180000)
 ParOldGen       total 706048K, used 379429K [0x00000006c9000000, 0x00000006f4180000, 0x000000076db00000)
  object space 706048K, 53% used [0x00000006c9000000,0x00000006e02894c8,0x00000006f4180000)
 Metaspace       used 38129K, capacity 53302K, committed 53376K, reserved 1089536K
  class space    used 9433K, capacity 14143K, committed 14208K, reserved 1048576K
Event: 21.934 GC heap after
Heap after GC invocations=14 (full 3):
 PSYoungGen      total 727552K, used 161248K [0x000000076db00000, 0x00000007c0000000, 0x00000007c0000000)
  eden space 566272K, 0% used [0x000000076db00000,0x000000076db00000,0x0000000790400000)
  from space 161280K, 99% used [0x0000000790400000,0x000000079a178010,0x000000079a180000)
  to   space 350208K, 0% used [0x00000007aaa00000,0x00000007aaa00000,0x00000007c0000000)
 ParOldGen       total 810496K, used 810129K [0x00000006c9000000, 0x00000006fa780000, 0x000000076db00000)
  object space 810496K, 99% used [0x00000006c9000000,0x00000006fa724450,0x00000006fa780000)
 Metaspace       used 38129K, capacity 53302K, committed 53376K, reserved 1089536K
  class space    used 9433K, capacity 14143K, committed 14208K, reserved 1048576K
}
Event: 21.934 GC heap before
{Heap before GC invocations=15 (full 4):
 PSYoungGen      total 727552K, used 161248K [0x000000076db00000, 0x00000007c0000000, 0x00000007c0000000)
  eden space 566272K, 0% used [0x000000076db00000,0x000000076db00000,0x0000000790400000)
  from space 161280K, 99% used [0x0000000790400000,0x000000079a178010,0x000000079a180000)
  to   space 350208K, 0% used [0x00000007aaa00000,0x00000007aaa00000,0x00000007c0000000)
 ParOldGen       total 810496K, used 810129K [0x00000006c9000000, 0x00000006fa780000, 0x000000076db00000)
  object space 810496K, 99% used [0x00000006c9000000,0x00000006fa724450,0x00000006fa780000)
 Metaspace       used 38129K, capacity 53302K, committed 53376K, reserved 1089536K
  class space    used 9433K, capacity 14143K, committed 14208K, reserved 1048576K
Event: 26.837 GC heap after
Heap after GC invocations=15 (full 4):
 PSYoungGen      total 727552K, used 159573K [0x000000076db00000, 0x00000007c0000000, 0x00000007c0000000)
  eden space 566272K, 0% used [0x000000076db00000,0x000000076db00000,0x0000000790400000)
  from space 161280K, 98% used [0x0000000790400000,0x0000000799fd56a0,0x000000079a180000)
  to   space 350208K, 0% used [0x00000007aaa00000,0x00000007aaa00000,0x00000007c0000000)
 ParOldGen       total 1345536K, used 810058K [0x00000006c9000000, 0x000000071b200000, 0x000000076db00000)
  object space 1345536K, 60% used [0x00000006c9000000,0x00000006fa712b50,0x000000071b200000)
 Metaspace       used 38129K, capacity 53302K, committed 53376K, reserved 1089536K
  class space    used 9433K, capacity 14143K, committed 14208K, reserved 1048576K
}
Event: 27.942 GC heap before
{Heap before GC invocations=16 (full 4):
 PSYoungGen      total 727552K, used 725845K [0x000000076db00000, 0x00000007c0000000, 0x00000007c0000000)
  eden space 566272K, 100% used [0x000000076db00000,0x0000000790400000,0x0000000790400000)
  from space 161280K, 98% used [0x0000000790400000,0x0000000799fd56a0,0x000000079a180000)
  to   space 350208K, 0% used [0x00000007aaa00000,0x00000007aaa00000,0x00000007c0000000)
 ParOldGen       total 1345536K, used 810058K [0x00000006c9000000, 0x000000071b200000, 0x000000076db00000)
  object space 1345536K, 60% used [0x00000006c9000000,0x00000006fa712b50,0x000000071b200000)
 Metaspace       used 38129K, capacity 53302K, committed 53376K, reserved 1089536K
  class space    used 9433K, capacity 14143K, committed 14208K, reserved 1048576K
Event: 29.811 GC heap after
Heap after GC invocations=16 (full 4):
 PSYoungGen      total 799744K, used 350208K [0x000000076db00000, 0x00000007c0000000, 0x00000007c0000000)
  eden space 449536K, 0% used [0x000000076db00000,0x000000076db00000,0x0000000789200000)
  from space 350208K, 100% used [0x00000007aaa00000,0x00000007c0000000,0x00000007c0000000)
  to   space 449536K, 0% used [0x0000000789200000,0x0000000789200000,0x00000007a4900000)
 ParOldGen       total 1345536K, used 1187309K [0x00000006c9000000, 0x000000071b200000, 0x000000076db00000)
  object space 1345536K, 88% used [0x00000006c9000000,0x000000071177b410,0x000000071b200000)
 Metaspace       used 38129K, capacity 53302K, committed 53376K, reserved 1089536K
  class space    used 9433K, capacity 14143K, committed 14208K, reserved 1048576K
}
Event: 29.811 GC heap before
{Heap before GC invocations=17 (full 5):
 PSYoungGen      total 799744K, used 350208K [0x000000076db00000, 0x00000007c0000000, 0x00000007c0000000)
  eden space 449536K, 0% used [0x000000076db00000,0x000000076db00000,0x0000000789200000)
  from space 350208K, 100% used [0x00000007aaa00000,0x00000007c0000000,0x00000007c0000000)
  to   space 449536K, 0% used [0x0000000789200000,0x0000000789200000,0x00000007a4900000)
 ParOldGen       total 1345536K, used 1187309K [0x00000006c9000000, 0x000000071b200000, 0x000000076db00000)
  object space 1345536K, 88% used [0x00000006c9000000,0x000000071177b410,0x000000071b200000)
 Metaspace       used 38129K, capacity 53302K, committed 53376K, reserved 1089536K
  class space    used 9433K, capacity 14143K, committed 14208K, reserved 1048576K

