# JRE version: Java(TM) SE Runtime Environment (8.0_171-b11) (build 1.8.0_171-b11)
# Java VM: Java HotSpot(TM) 64-Bit Server VM (25.171-b11 mixed mode linux-amd64 compressed oops)
Heap:
 PSYoungGen      total 590336K, used 158208K [0x000000076db00000, 0x00000007af700000, 0x00000007c0000000)
  eden space 432128K, 0% used [0x000000076db00000,0x000000076db00000,0x0000000788100000)
  from space 158208K, 100% used [0x0000000798b00000,0x00000007a2580000,0x00000007a2580000)
  to   space 272384K, 0% used [0x0000000788100000,0x0000000788100000,0x0000000798b00000)
 ParOldGen       total 706560K, used 616135K [0x00000006c9000000, 0x00000006f4200000, 0x000000076db00000)
  object space 706560K, 87% used [0x00000006c9000000,0x00000006ee9b1cc0,0x00000006f4200000)
 Metaspace       used 38242K, capacity 53378K, committed 53672K, reserved 1089536K
  class space    used 9433K, capacity 14143K, committed 14248K, reserved 1048576K
GC Heap History (10 events):
Event: 13.743 GC heap after
Heap after GC invocations=13 (full 2):
 PSYoungGen      total 342528K, used 7031K [0x000000076db00000, 0x0000000788280000, 0x00000007c0000000)
  eden space 315904K, 0% used [0x000000076db00000,0x000000076db00000,0x0000000780f80000)
  from space 26624K, 26% used [0x0000000780f80000,0x000000078165dcb0,0x0000000782980000)
  to   space 26112K, 0% used [0x0000000786900000,0x0000000786900000,0x0000000788280000)
 ParOldGen       total 202240K, used 39680K [0x00000006c9000000, 0x00000006d5580000, 0x000000076db00000)
  object space 202240K, 19% used [0x00000006c9000000,0x00000006cb6c00c0,0x00000006d5580000)
 Metaspace       used 35389K, capacity 46604K, committed 46888K, reserved 1083392K
  class space    used 8866K, capacity 12795K, committed 12840K, reserved 1048576K
}
Event: 21.334 GC heap before
{Heap before GC invocations=14 (full 2):
 PSYoungGen      total 342528K, used 322935K [0x000000076db00000, 0x0000000788280000, 0x00000007c0000000)
  eden space 315904K, 100% used [0x000000076db00000,0x0000000780f80000,0x0000000780f80000)
  from space 26624K, 26% used [0x0000000780f80000,0x000000078165dcb0,0x0000000782980000)
  to   space 26112K, 0% used [0x0000000786900000,0x0000000786900000,0x0000000788280000)
 ParOldGen       total 202240K, used 39680K [0x00000006c9000000, 0x00000006d5580000, 0x000000076db00000)
  object space 202240K, 19% used [0x00000006c9000000,0x00000006cb6c00c0,0x00000006d5580000)
 Metaspace       used 38147K, capacity 53230K, committed 53416K, reserved 1089536K
  class space    used 9434K, capacity 14147K, committed 14248K, reserved 1048576K
Event: 21.342 GC heap after
Heap after GC invocations=14 (full 2):
 PSYoungGen      total 386048K, used 7328K [0x000000076db00000, 0x0000000787800000, 0x00000007c0000000)
  eden space 370688K, 0% used [0x000000076db00000,0x000000076db00000,0x0000000784500000)
  from space 15360K, 47% used [0x0000000786900000,0x0000000787028020,0x0000000787800000)
  to   space 26112K, 0% used [0x0000000784500000,0x0000000784500000,0x0000000785e80000)
 ParOldGen       total 202240K, used 39688K [0x00000006c9000000, 0x00000006d5580000, 0x000000076db00000)
  object space 202240K, 19% used [0x00000006c9000000,0x00000006cb6c20c0,0x00000006d5580000)
 Metaspace       used 38147K, capacity 53230K, committed 53416K, reserved 1089536K
  class space    used 9434K, capacity 14147K, committed 14248K, reserved 1048576K
}
Event: 22.230 GC heap before
{Heap before GC invocations=15 (full 2):
 PSYoungGen      total 386048K, used 378016K [0x000000076db00000, 0x0000000787800000, 0x00000007c0000000)
  eden space 370688K, 100% used [0x000000076db00000,0x0000000784500000,0x0000000784500000)
  from space 15360K, 47% used [0x0000000786900000,0x0000000787028020,0x0000000787800000)
  to   space 26112K, 0% used [0x0000000784500000,0x0000000784500000,0x0000000785e80000)
 ParOldGen       total 202240K, used 39688K [0x00000006c9000000, 0x00000006d5580000, 0x000000076db00000)
  object space 202240K, 19% used [0x00000006c9000000,0x00000006cb6c20c0,0x00000006d5580000)
 Metaspace       used 38249K, capacity 53390K, committed 53672K, reserved 1089536K
  class space    used 9436K, capacity 14147K, committed 14248K, reserved 1048576K
Event: 23.442 GC heap after
Heap after GC invocations=15 (full 2):
 PSYoungGen      total 396800K, used 26080K [0x000000076db00000, 0x00000007a2580000, 0x00000007c0000000)
  eden space 370688K, 0% used [0x000000076db00000,0x000000076db00000,0x0000000784500000)
  from space 26112K, 99% used [0x0000000784500000,0x0000000785e78020,0x0000000785e80000)
  to   space 158208K, 0% used [0x0000000798b00000,0x0000000798b00000,0x00000007a2580000)
 ParOldGen       total 387072K, used 386600K [0x00000006c9000000, 0x00000006e0a00000, 0x000000076db00000)
  object space 387072K, 99% used [0x00000006c9000000,0x00000006e098a0c0,0x00000006e0a00000)
 Metaspace       used 38249K, capacity 53390K, committed 53672K, reserved 1089536K
  class space    used 9436K, capacity 14147K, committed 14248K, reserved 1048576K
}
Event: 23.442 GC heap before
{Heap before GC invocations=16 (full 3):
 PSYoungGen      total 396800K, used 26080K [0x000000076db00000, 0x00000007a2580000, 0x00000007c0000000)
  eden space 370688K, 0% used [0x000000076db00000,0x000000076db00000,0x0000000784500000)
  from space 26112K, 99% used [0x0000000784500000,0x0000000785e78020,0x0000000785e80000)
  to   space 158208K, 0% used [0x0000000798b00000,0x0000000798b00000,0x00000007a2580000)
 ParOldGen       total 387072K, used 386600K [0x00000006c9000000, 0x00000006e0a00000, 0x000000076db00000)
  object space 387072K, 99% used [0x00000006c9000000,0x00000006e098a0c0,0x00000006e0a00000)
 Metaspace       used 38249K, capacity 53390K, committed 53672K, reserved 1089536K
  class space    used 9436K, capacity 14147K, committed 14248K, reserved 1048576K
Event: 26.115 GC heap after
Heap after GC invocations=16 (full 3):
 PSYoungGen      total 396800K, used 15824K [0x000000076db00000, 0x00000007a2580000, 0x00000007c0000000)
  eden space 370688K, 0% used [0x000000076db00000,0x000000076db00000,0x0000000784500000)
  from space 26112K, 60% used [0x0000000784500000,0x00000007854743f8,0x0000000785e80000)
  to   space 158208K, 0% used [0x0000000798b00000,0x0000000798b00000,0x00000007a2580000)
 ParOldGen       total 706560K, used 386887K [0x00000006c9000000, 0x00000006f4200000, 0x000000076db00000)
  object space 706560K, 54% used [0x00000006c9000000,0x00000006e09d1cc0,0x00000006f4200000)
 Metaspace       used 38242K, capacity 53378K, committed 53672K, reserved 1089536K
  class space    used 9433K, capacity 14143K, committed 14248K, reserved 1048576K
}
Event: 26.983 GC heap before
{Heap before GC invocations=17 (full 3):
 PSYoungGen      total 396800K, used 386512K [0x000000076db00000, 0x00000007a2580000, 0x00000007c0000000)
  eden space 370688K, 100% used [0x000000076db00000,0x0000000784500000,0x0000000784500000)
  from space 26112K, 60% used [0x0000000784500000,0x00000007854743f8,0x0000000785e80000)
  to   space 158208K, 0% used [0x0000000798b00000,0x0000000798b00000,0x00000007a2580000)
 ParOldGen       total 706560K, used 386887K [0x00000006c9000000, 0x00000006f4200000, 0x000000076db00000)
  object space 706560K, 54% used [0x00000006c9000000,0x00000006e09d1cc0,0x00000006f4200000)
 Metaspace       used 38242K, capacity 53378K, committed 53672K, reserved 1089536K
  class space    used 9433K, capacity 14143K, committed 14248K, reserved 1048576K
Event: 28.312 GC heap after
Heap after GC invocations=17 (full 3):
 PSYoungGen      total 590336K, used 158208K [0x000000076db00000, 0x00000007af700000, 0x00000007c0000000)
  eden space 432128K, 0% used [0x000000076db00000,0x000000076db00000,0x0000000788100000)
  from space 158208K, 100% used [0x0000000798b00000,0x00000007a2580000,0x00000007a2580000)
  to   space 272384K, 0% used [0x0000000788100000,0x0000000788100000,0x0000000798b00000)
 ParOldGen       total 706560K, used 616135K [0x00000006c9000000, 0x00000006f4200000, 0x000000076db00000)
  object space 706560K, 87% used [0x00000006c9000000,0x00000006ee9b1cc0,0x00000006f4200000)
 Metaspace       used 38242K, capacity 53378K, committed 53672K, reserved 1089536K
  class space    used 9433K, capacity 14143K, committed 14248K, reserved 1048576K
}
Event: 28.312 GC heap before
{Heap before GC invocations=18 (full 4):
 PSYoungGen      total 590336K, used 158208K [0x000000076db00000, 0x00000007af700000, 0x00000007c0000000)
  eden space 432128K, 0% used [0x000000076db00000,0x000000076db00000,0x0000000788100000)
  from space 158208K, 100% used [0x0000000798b00000,0x00000007a2580000,0x00000007a2580000)
  to   space 272384K, 0% used [0x0000000788100000,0x0000000788100000,0x0000000798b00000)
 ParOldGen       total 706560K, used 616135K [0x00000006c9000000, 0x00000006f4200000, 0x000000076db00000)
  object space 706560K, 87% used [0x00000006c9000000,0x00000006ee9b1cc0,0x00000006f4200000)
 Metaspace       used 38242K, capacity 53378K, committed 53672K, reserved 1089536K
  class space    used 9433K, capacity 14143K, committed 14248K, reserved 1048576K

